10:16:28.862 [restartedMain] INFO  c.d.AdminApplication - [logStarting,55] - Starting AdminApplication using Java 1.8.0_311 on LianXiang-R7000 with PID 7340 (D:\Zhangr\IDEA work space\data-factory\admin\target\classes started by Zhangr in D:\Zhangr\IDEA work space\data-factory)
10:16:28.865 [background-preinit] INFO  o.h.v.i.util.Version - [<clinit>,21] - HV000001: Hibernate Validator 6.2.5.Final
10:16:28.869 [restartedMain] INFO  c.d.AdminApplication - [logStartupProfileInfo,645] - No active profile set, falling back to 1 default profile: "default"
10:16:31.344 [restartedMain] INFO  o.a.c.h.Http11NioProtocol - [log,173] - Initializing ProtocolHandler ["http-nio-8080"]
10:16:31.344 [restartedMain] INFO  o.a.c.c.StandardService - [log,173] - Starting service [Tomcat]
10:16:31.345 [restartedMain] INFO  o.a.c.c.StandardEngine - [log,173] - Starting Servlet engine: [Apache Tomcat/9.0.68]
10:16:31.475 [restartedMain] INFO  o.a.c.c.C.[.[.[/] - [log,173] - Initializing Spring embedded WebApplicationContext
10:16:31.607 [restartedMain] INFO  c.a.d.s.b.a.DruidDataSourceAutoConfigure - [dataSource,55] - Init DruidDataSource
10:16:31.699 [restartedMain] INFO  c.a.d.p.DruidDataSource - [init,1009] - {dataSource-1} inited
10:16:34.269 [restartedMain] INFO  s.d.s.w.PropertySourcedRequestMappingHandlerMapping - [initHandlerMethods,69] - Mapped URL path [/v2/api-docs] onto method [springfox.documentation.swagger2.web.Swagger2Controller#getDocumentation(String, HttpServletRequest)]
10:16:34.706 [restartedMain] INFO  o.a.c.h.Http11NioProtocol - [log,173] - Starting ProtocolHandler ["http-nio-8080"]
10:16:34.725 [restartedMain] INFO  s.d.s.w.p.DocumentationPluginsBootstrapper - [start,160] - Context refreshed
10:16:34.742 [restartedMain] INFO  s.d.s.w.p.DocumentationPluginsBootstrapper - [start,163] - Found 1 custom documentation plugin(s)
10:16:34.785 [restartedMain] INFO  s.d.s.w.s.ApiListingReferenceScanner - [scan,41] - Scanning for api listing references
10:16:35.024 [restartedMain] INFO  c.d.AdminApplication - [logStarted,61] - Started AdminApplication in 6.461 seconds (JVM running for 8.356)
10:16:38.200 [http-nio-8080-exec-1] INFO  o.a.c.c.C.[.[.[/] - [log,173] - Initializing Spring DispatcherServlet 'dispatcherServlet'
10:16:39.223 [http-nio-8080-exec-1] INFO  c.d.c.CategoryInfoController - [selectCategoryInfo,47] - 正在查询分类信息
10:16:39.230 [http-nio-8080-exec-1] INFO  c.d.s.I.CategoryInfoServiceImpl - [selectCategoryInfo,36] - 正在处理分类信息查询请求
10:16:39.249 [http-nio-8080-exec-1] INFO  c.d.s.I.CategoryInfoServiceImpl - [selectCategoryInfo,43] - 查询条件：(t.parent_code = #{ew.paramNameValuePairs.MPGENVAL1} OR t.category_code = #{ew.paramNameValuePairs.MPGENVAL2})
10:17:35.066 [SpringApplicationShutdownHook] INFO  c.a.d.p.DruidDataSource - [close,2174] - {dataSource-1} closing ...
10:17:35.071 [SpringApplicationShutdownHook] INFO  c.a.d.p.DruidDataSource - [close,2247] - {dataSource-1} closed
