09:11:39.963 [restartedMain] INFO  c.d.AdminApplication - [logStarting,55] - Starting AdminApplication using Java 1.8.0_261 on LianXiang-R7000 with PID 17672 (D:\Zhangr\IDEA work space\data-factory\admin\target\classes started by Zhangr in D:\Zhangr\IDEA work space\data-factory)
09:11:39.963 [background-preinit] INFO  o.h.v.i.util.Version - [<clinit>,21] - HV000001: Hibernate Validator 6.2.5.Final
09:11:39.966 [restartedMain] INFO  c.d.AdminApplication - [logStartupProfileInfo,645] - No active profile set, falling back to 1 default profile: "default"
09:11:42.699 [restartedMain] INFO  o.a.c.h.Http11NioProtocol - [log,173] - Initializing ProtocolHandler ["http-nio-8080"]
09:11:42.700 [restartedMain] INFO  o.a.c.c.StandardService - [log,173] - Starting service [Tomcat]
09:11:42.700 [restartedMain] INFO  o.a.c.c.StandardEngine - [log,173] - Starting Servlet engine: [Apache Tomcat/9.0.68]
09:11:42.840 [restartedMain] INFO  o.a.c.c.C.[.[.[/] - [log,173] - Initializing Spring embedded WebApplicationContext
09:11:42.998 [restartedMain] INFO  c.a.d.s.b.a.DruidDataSourceAutoConfigure - [dataSource,55] - Init DruidDataSource
09:11:43.092 [restartedMain] INFO  c.a.d.p.DruidDataSource - [init,1009] - {dataSource-1} inited
09:11:45.697 [restartedMain] INFO  s.d.s.w.PropertySourcedRequestMappingHandlerMapping - [initHandlerMethods,69] - Mapped URL path [/v2/api-docs] onto method [springfox.documentation.swagger2.web.Swagger2Controller#getDocumentation(String, HttpServletRequest)]
09:11:46.192 [restartedMain] INFO  o.a.c.h.Http11NioProtocol - [log,173] - Starting ProtocolHandler ["http-nio-8080"]
09:11:46.211 [restartedMain] INFO  s.d.s.w.p.DocumentationPluginsBootstrapper - [start,160] - Context refreshed
09:11:46.228 [restartedMain] INFO  s.d.s.w.p.DocumentationPluginsBootstrapper - [start,163] - Found 1 custom documentation plugin(s)
09:11:46.264 [restartedMain] INFO  s.d.s.w.s.ApiListingReferenceScanner - [scan,41] - Scanning for api listing references
09:11:46.558 [restartedMain] INFO  c.d.AdminApplication - [logStarted,61] - Started AdminApplication in 6.965 seconds (JVM running for 8.906)
09:13:21.335 [http-nio-8080-exec-1] INFO  o.a.c.c.C.[.[.[/] - [log,173] - Initializing Spring DispatcherServlet 'dispatcherServlet'
09:13:22.403 [http-nio-8080-exec-1] INFO  c.d.c.CodeTableController - [selectCodeTable,57] - 正在查询码表信息
09:13:22.412 [http-nio-8080-exec-1] INFO  c.d.s.I.CodeTableServiceImpl - [selectCodeTable,65] - user正在处理分页查询请求
09:13:22.594 [Druid-ConnectionPool-Create-944002138] INFO  c.a.d.p.DruidAbstractDataSource - [setFailContinuous,1894] - {dataSource-1} failContinuous is true
09:15:15.656 [SpringApplicationShutdownHook] INFO  c.a.d.p.DruidDataSource - [close,2174] - {dataSource-1} closing ...
09:15:15.657 [SpringApplicationShutdownHook] INFO  c.a.d.p.DruidDataSource - [close,2247] - {dataSource-1} closed
09:15:21.661 [background-preinit] INFO  o.h.v.i.util.Version - [<clinit>,21] - HV000001: Hibernate Validator 6.2.5.Final
09:15:21.661 [restartedMain] INFO  c.d.AdminApplication - [logStarting,55] - Starting AdminApplication using Java 1.8.0_261 on LianXiang-R7000 with PID 20468 (D:\Zhangr\IDEA work space\data-factory\admin\target\classes started by Zhangr in D:\Zhangr\IDEA work space\data-factory)
09:15:21.664 [restartedMain] INFO  c.d.AdminApplication - [logStartupProfileInfo,645] - No active profile set, falling back to 1 default profile: "default"
09:15:23.259 [restartedMain] INFO  o.a.c.h.Http11NioProtocol - [log,173] - Initializing ProtocolHandler ["http-nio-8080"]
09:15:23.260 [restartedMain] INFO  o.a.c.c.StandardService - [log,173] - Starting service [Tomcat]
09:15:23.260 [restartedMain] INFO  o.a.c.c.StandardEngine - [log,173] - Starting Servlet engine: [Apache Tomcat/9.0.68]
09:15:23.391 [restartedMain] INFO  o.a.c.c.C.[.[.[/] - [log,173] - Initializing Spring embedded WebApplicationContext
09:15:23.525 [restartedMain] INFO  c.a.d.s.b.a.DruidDataSourceAutoConfigure - [dataSource,55] - Init DruidDataSource
09:15:23.604 [restartedMain] INFO  c.a.d.p.DruidDataSource - [init,1009] - {dataSource-1} inited
09:15:26.054 [restartedMain] INFO  s.d.s.w.PropertySourcedRequestMappingHandlerMapping - [initHandlerMethods,69] - Mapped URL path [/v2/api-docs] onto method [springfox.documentation.swagger2.web.Swagger2Controller#getDocumentation(String, HttpServletRequest)]
09:15:26.493 [restartedMain] INFO  o.a.c.h.Http11NioProtocol - [log,173] - Starting ProtocolHandler ["http-nio-8080"]
09:15:26.512 [restartedMain] INFO  s.d.s.w.p.DocumentationPluginsBootstrapper - [start,160] - Context refreshed
09:15:26.527 [restartedMain] INFO  s.d.s.w.p.DocumentationPluginsBootstrapper - [start,163] - Found 1 custom documentation plugin(s)
09:15:26.559 [restartedMain] INFO  s.d.s.w.s.ApiListingReferenceScanner - [scan,41] - Scanning for api listing references
09:15:26.830 [restartedMain] INFO  c.d.AdminApplication - [logStarted,61] - Started AdminApplication in 5.47 seconds (JVM running for 7.179)
09:15:31.978 [http-nio-8080-exec-2] INFO  o.a.c.c.C.[.[.[/] - [log,173] - Initializing Spring DispatcherServlet 'dispatcherServlet'
09:15:32.998 [http-nio-8080-exec-2] INFO  c.d.c.CodeTableController - [selectCodeTable,57] - 正在查询码表信息
09:15:33.008 [http-nio-8080-exec-2] INFO  c.d.s.I.CodeTableServiceImpl - [selectCodeTable,65] - user正在处理分页查询请求
09:15:33.173 [Druid-ConnectionPool-Create-1123182335] INFO  c.a.d.p.DruidAbstractDataSource - [setFailContinuous,1894] - {dataSource-1} failContinuous is true
09:24:09.016 [SpringApplicationShutdownHook] INFO  c.a.d.p.DruidDataSource - [close,2174] - {dataSource-1} closing ...
09:24:09.016 [SpringApplicationShutdownHook] INFO  c.a.d.p.DruidDataSource - [close,2247] - {dataSource-1} closed
09:24:12.712 [restartedMain] INFO  c.d.AdminApplication - [logStarting,55] - Starting AdminApplication using Java 1.8.0_261 on LianXiang-R7000 with PID 9488 (D:\Zhangr\IDEA work space\data-factory\admin\target\classes started by Zhangr in D:\Zhangr\IDEA work space\data-factory)
09:24:12.712 [background-preinit] INFO  o.h.v.i.util.Version - [<clinit>,21] - HV000001: Hibernate Validator 6.2.5.Final
09:24:12.715 [restartedMain] INFO  c.d.AdminApplication - [logStartupProfileInfo,651] - The following 1 profile is active: "dev"
09:24:14.364 [restartedMain] INFO  o.a.c.h.Http11NioProtocol - [log,173] - Initializing ProtocolHandler ["http-nio-8080"]
09:24:14.364 [restartedMain] INFO  o.a.c.c.StandardService - [log,173] - Starting service [Tomcat]
09:24:14.364 [restartedMain] INFO  o.a.c.c.StandardEngine - [log,173] - Starting Servlet engine: [Apache Tomcat/9.0.68]
09:24:14.500 [restartedMain] INFO  o.a.c.c.C.[.[.[/] - [log,173] - Initializing Spring embedded WebApplicationContext
09:24:14.636 [restartedMain] INFO  c.a.d.s.b.a.DruidDataSourceAutoConfigure - [dataSource,55] - Init DruidDataSource
09:24:14.709 [restartedMain] INFO  c.a.d.p.DruidDataSource - [init,1009] - {dataSource-1} inited
09:24:17.143 [restartedMain] INFO  s.d.s.w.PropertySourcedRequestMappingHandlerMapping - [initHandlerMethods,69] - Mapped URL path [/v2/api-docs] onto method [springfox.documentation.swagger2.web.Swagger2Controller#getDocumentation(String, HttpServletRequest)]
09:24:17.578 [restartedMain] INFO  o.a.c.h.Http11NioProtocol - [log,173] - Starting ProtocolHandler ["http-nio-8080"]
09:24:17.596 [restartedMain] INFO  s.d.s.w.p.DocumentationPluginsBootstrapper - [start,160] - Context refreshed
09:24:17.611 [restartedMain] INFO  s.d.s.w.p.DocumentationPluginsBootstrapper - [start,163] - Found 1 custom documentation plugin(s)
09:24:17.642 [restartedMain] INFO  s.d.s.w.s.ApiListingReferenceScanner - [scan,41] - Scanning for api listing references
09:24:17.916 [restartedMain] INFO  c.d.AdminApplication - [logStarted,61] - Started AdminApplication in 5.514 seconds (JVM running for 7.207)
09:24:27.912 [http-nio-8080-exec-1] INFO  o.a.c.c.C.[.[.[/] - [log,173] - Initializing Spring DispatcherServlet 'dispatcherServlet'
09:24:28.916 [http-nio-8080-exec-1] INFO  c.d.c.CodeTableController - [selectCodeTable,57] - 正在查询码表信息
09:24:28.926 [http-nio-8080-exec-1] INFO  c.d.s.I.CodeTableServiceImpl - [selectCodeTable,65] - user正在处理分页查询请求
09:24:29.095 [Druid-ConnectionPool-Create-1724801745] INFO  c.a.d.p.DruidAbstractDataSource - [setFailContinuous,1894] - {dataSource-1} failContinuous is true
09:26:38.682 [SpringApplicationShutdownHook] INFO  c.a.d.p.DruidDataSource - [close,2174] - {dataSource-1} closing ...
09:26:38.682 [SpringApplicationShutdownHook] INFO  c.a.d.p.DruidDataSource - [close,2247] - {dataSource-1} closed
09:26:42.354 [restartedMain] INFO  c.d.AdminApplication - [logStarting,55] - Starting AdminApplication using Java 1.8.0_261 on LianXiang-R7000 with PID 19820 (D:\Zhangr\IDEA work space\data-factory\admin\target\classes started by Zhangr in D:\Zhangr\IDEA work space\data-factory)
09:26:42.356 [background-preinit] INFO  o.h.v.i.util.Version - [<clinit>,21] - HV000001: Hibernate Validator 6.2.5.Final
09:26:42.358 [restartedMain] INFO  c.d.AdminApplication - [logStartupProfileInfo,651] - The following 1 profile is active: "dev"
09:26:43.959 [restartedMain] INFO  o.a.c.h.Http11NioProtocol - [log,173] - Initializing ProtocolHandler ["http-nio-8080"]
09:26:43.960 [restartedMain] INFO  o.a.c.c.StandardService - [log,173] - Starting service [Tomcat]
09:26:43.960 [restartedMain] INFO  o.a.c.c.StandardEngine - [log,173] - Starting Servlet engine: [Apache Tomcat/9.0.68]
09:26:44.089 [restartedMain] INFO  o.a.c.c.C.[.[.[/] - [log,173] - Initializing Spring embedded WebApplicationContext
09:26:44.217 [restartedMain] INFO  c.a.d.s.b.a.DruidDataSourceAutoConfigure - [dataSource,55] - Init DruidDataSource
09:26:44.290 [restartedMain] INFO  c.a.d.p.DruidDataSource - [init,1009] - {dataSource-1} inited
09:26:46.735 [restartedMain] INFO  s.d.s.w.PropertySourcedRequestMappingHandlerMapping - [initHandlerMethods,69] - Mapped URL path [/v2/api-docs] onto method [springfox.documentation.swagger2.web.Swagger2Controller#getDocumentation(String, HttpServletRequest)]
09:26:47.175 [restartedMain] INFO  o.a.c.h.Http11NioProtocol - [log,173] - Starting ProtocolHandler ["http-nio-8080"]
09:26:47.193 [restartedMain] INFO  s.d.s.w.p.DocumentationPluginsBootstrapper - [start,160] - Context refreshed
09:26:47.208 [restartedMain] INFO  s.d.s.w.p.DocumentationPluginsBootstrapper - [start,163] - Found 1 custom documentation plugin(s)
09:26:47.241 [restartedMain] INFO  s.d.s.w.s.ApiListingReferenceScanner - [scan,41] - Scanning for api listing references
09:26:47.516 [restartedMain] INFO  c.d.AdminApplication - [logStarted,61] - Started AdminApplication in 5.482 seconds (JVM running for 7.182)
09:27:01.187 [http-nio-8080-exec-2] INFO  o.a.c.c.C.[.[.[/] - [log,173] - Initializing Spring DispatcherServlet 'dispatcherServlet'
09:27:02.199 [http-nio-8080-exec-2] INFO  c.d.c.CodeTableController - [selectCodeTable,57] - 正在查询码表信息
09:27:02.209 [http-nio-8080-exec-2] INFO  c.d.s.I.CodeTableServiceImpl - [selectCodeTable,65] - user正在处理分页查询请求
09:27:03.097 [http-nio-8080-exec-2] INFO  c.d.s.I.CodeTableServiceImpl - [selectCodeTable,94] - user分页查询请求处理完毕
09:29:45.797 [SpringApplicationShutdownHook] INFO  c.a.d.p.DruidDataSource - [close,2174] - {dataSource-1} closing ...
09:29:45.800 [SpringApplicationShutdownHook] INFO  c.a.d.p.DruidDataSource - [close,2247] - {dataSource-1} closed
