16:26:45.246 [restartedMain] INFO  c.d.AdminApplication - [logStarting,55] - Starting AdminApplication using Java 1.8.0_311 on LianXiang-R7000 with PID 11444 (D:\Zhangr\IDEA work space\data-factory\admin\target\classes started by Zhangr in D:\Zhangr\IDEA work space\data-factory)
16:26:45.249 [restartedMain] INFO  c.d.AdminApplication - [logStartupProfileInfo,645] - No active profile set, falling back to 1 default profile: "default"
16:26:45.249 [background-preinit] INFO  o.h.v.i.util.Version - [<clinit>,21] - HV000001: Hibernate Validator 6.2.5.Final
16:31:10.357 [restartedMain] INFO  c.d.AdminApplication - [logStarting,55] - Starting AdminApplication using Java 1.8.0_311 on LianXiang-R7000 with PID 18388 (D:\Zhangr\IDEA work space\data-factory\admin\target\classes started by Zhangr in D:\Zhangr\IDEA work space\data-factory)
16:31:10.359 [restartedMain] INFO  c.d.AdminApplication - [logStartupProfileInfo,645] - No active profile set, falling back to 1 default profile: "default"
16:31:10.360 [background-preinit] INFO  o.h.v.i.util.Version - [<clinit>,21] - HV000001: Hibernate Validator 6.2.5.Final
16:34:38.715 [restartedMain] INFO  c.d.AdminApplication - [logStarting,55] - Starting AdminApplication using Java 1.8.0_311 on LianXiang-R7000 with PID 14088 (D:\Zhangr\IDEA work space\data-factory\admin\target\classes started by Zhangr in D:\Zhangr\IDEA work space\data-factory)
16:34:38.717 [restartedMain] INFO  c.d.AdminApplication - [logStartupProfileInfo,645] - No active profile set, falling back to 1 default profile: "default"
16:34:38.718 [background-preinit] INFO  o.h.v.i.util.Version - [<clinit>,21] - HV000001: Hibernate Validator 6.2.5.Final
16:34:58.430 [restartedMain] INFO  c.d.AdminApplication - [logStarting,55] - Starting AdminApplication using Java 1.8.0_311 on LianXiang-R7000 with PID 2712 (D:\Zhangr\IDEA work space\data-factory\admin\target\classes started by Zhangr in D:\Zhangr\IDEA work space\data-factory)
16:34:58.433 [background-preinit] INFO  o.h.v.i.util.Version - [<clinit>,21] - HV000001: Hibernate Validator 6.2.5.Final
16:34:58.433 [restartedMain] INFO  c.d.AdminApplication - [logStartupProfileInfo,645] - No active profile set, falling back to 1 default profile: "default"
16:34:59.637 [restartedMain] INFO  o.a.c.h.Http11NioProtocol - [log,173] - Initializing ProtocolHandler ["http-nio-8080"]
16:34:59.638 [restartedMain] INFO  o.a.c.c.StandardService - [log,173] - Starting service [Tomcat]
16:34:59.638 [restartedMain] INFO  o.a.c.c.StandardEngine - [log,173] - Starting Servlet engine: [Apache Tomcat/9.0.68]
16:34:59.753 [restartedMain] INFO  o.a.c.c.C.[.[.[/] - [log,173] - Initializing Spring embedded WebApplicationContext
16:35:00.006 [restartedMain] INFO  s.d.s.w.PropertySourcedRequestMappingHandlerMapping - [initHandlerMethods,69] - Mapped URL path [/v2/api-docs] onto method [springfox.documentation.swagger2.web.Swagger2Controller#getDocumentation(String, HttpServletRequest)]
16:35:00.692 [restartedMain] INFO  o.a.c.h.Http11NioProtocol - [log,173] - Starting ProtocolHandler ["http-nio-8080"]
16:35:00.711 [restartedMain] INFO  s.d.s.w.p.DocumentationPluginsBootstrapper - [start,160] - Context refreshed
16:35:00.724 [restartedMain] INFO  s.d.s.w.p.DocumentationPluginsBootstrapper - [start,163] - Found 1 custom documentation plugin(s)
16:35:00.745 [restartedMain] INFO  s.d.s.w.s.ApiListingReferenceScanner - [scan,41] - Scanning for api listing references
16:35:00.763 [restartedMain] INFO  c.d.AdminApplication - [logStarted,61] - Started AdminApplication in 2.59 seconds (JVM running for 4.132)
16:39:22.164 [SpringApplicationShutdownHook] INFO  c.b.d.d.DynamicRoutingDataSource - [destroy,211] - dynamic-datasource start closing ....
16:39:22.164 [SpringApplicationShutdownHook] INFO  c.b.d.d.DynamicRoutingDataSource - [destroy,215] - dynamic-datasource all closed success,bye
17:43:24.527 [restartedMain] INFO  c.d.AdminApplication - [logStarting,55] - Starting AdminApplication using Java 1.8.0_311 on LianXiang-R7000 with PID 9300 (D:\Zhangr\IDEA work space\data-factory\admin\target\classes started by Zhangr in D:\Zhangr\IDEA work space\data-factory)
17:43:24.530 [restartedMain] INFO  c.d.AdminApplication - [logStartupProfileInfo,645] - No active profile set, falling back to 1 default profile: "default"
17:43:24.533 [background-preinit] INFO  o.h.v.i.util.Version - [<clinit>,21] - HV000001: Hibernate Validator 6.2.5.Final
17:43:25.847 [restartedMain] INFO  o.a.c.h.Http11NioProtocol - [log,173] - Initializing ProtocolHandler ["http-nio-8080"]
17:43:25.848 [restartedMain] INFO  o.a.c.c.StandardService - [log,173] - Starting service [Tomcat]
17:43:25.848 [restartedMain] INFO  o.a.c.c.StandardEngine - [log,173] - Starting Servlet engine: [Apache Tomcat/9.0.68]
17:43:25.969 [restartedMain] INFO  o.a.c.c.C.[.[.[/] - [log,173] - Initializing Spring embedded WebApplicationContext
17:43:26.219 [restartedMain] INFO  s.d.s.w.PropertySourcedRequestMappingHandlerMapping - [initHandlerMethods,69] - Mapped URL path [/v2/api-docs] onto method [springfox.documentation.swagger2.web.Swagger2Controller#getDocumentation(String, HttpServletRequest)]
17:43:28.299 [restartedMain] INFO  o.a.c.h.Http11NioProtocol - [log,173] - Starting ProtocolHandler ["http-nio-8080"]
17:43:28.318 [restartedMain] INFO  s.d.s.w.p.DocumentationPluginsBootstrapper - [start,160] - Context refreshed
17:43:28.329 [restartedMain] INFO  s.d.s.w.p.DocumentationPluginsBootstrapper - [start,163] - Found 1 custom documentation plugin(s)
17:43:28.348 [restartedMain] INFO  s.d.s.w.s.ApiListingReferenceScanner - [scan,41] - Scanning for api listing references
17:43:28.363 [restartedMain] INFO  c.d.AdminApplication - [logStarted,61] - Started AdminApplication in 4.112 seconds (JVM running for 5.802)
17:43:50.883 [Thread-9] INFO  o.a.c.h.Http11NioProtocol - [log,173] - Pausing ProtocolHandler ["http-nio-8080"]
17:43:50.884 [Thread-9] INFO  o.a.c.c.StandardService - [log,173] - Stopping service [Tomcat]
17:43:50.894 [Thread-9] INFO  o.a.c.h.Http11NioProtocol - [log,173] - Stopping ProtocolHandler ["http-nio-8080"]
17:43:50.902 [Thread-9] INFO  o.a.c.h.Http11NioProtocol - [log,173] - Destroying ProtocolHandler ["http-nio-8080"]
17:43:50.920 [Thread-9] INFO  c.b.d.d.DynamicRoutingDataSource - [destroy,211] - dynamic-datasource start closing ....
17:43:50.920 [Thread-9] INFO  c.b.d.d.DynamicRoutingDataSource - [destroy,215] - dynamic-datasource all closed success,bye
17:43:51.068 [restartedMain] INFO  c.d.AdminApplication - [logStarting,55] - Starting AdminApplication using Java 1.8.0_311 on LianXiang-R7000 with PID 9300 (D:\Zhangr\IDEA work space\data-factory\admin\target\classes started by Zhangr in D:\Zhangr\IDEA work space\data-factory)
17:43:51.068 [restartedMain] INFO  c.d.AdminApplication - [logStartupProfileInfo,645] - No active profile set, falling back to 1 default profile: "default"
17:43:51.476 [restartedMain] INFO  o.a.c.h.Http11NioProtocol - [log,173] - Initializing ProtocolHandler ["http-nio-8080"]
17:43:51.477 [restartedMain] INFO  o.a.c.c.StandardService - [log,173] - Starting service [Tomcat]
17:43:51.477 [restartedMain] INFO  o.a.c.c.StandardEngine - [log,173] - Starting Servlet engine: [Apache Tomcat/9.0.68]
17:43:51.521 [restartedMain] INFO  o.a.c.c.C.[.[.[/] - [log,173] - Initializing Spring embedded WebApplicationContext
17:43:51.626 [restartedMain] INFO  s.d.s.w.PropertySourcedRequestMappingHandlerMapping - [initHandlerMethods,69] - Mapped URL path [/v2/api-docs] onto method [springfox.documentation.swagger2.web.Swagger2Controller#getDocumentation(String, HttpServletRequest)]
17:43:52.561 [restartedMain] INFO  o.a.c.h.Http11NioProtocol - [log,173] - Starting ProtocolHandler ["http-nio-8080"]
17:43:52.567 [restartedMain] INFO  s.d.s.w.p.DocumentationPluginsBootstrapper - [start,160] - Context refreshed
17:43:52.568 [restartedMain] INFO  s.d.s.w.p.DocumentationPluginsBootstrapper - [start,163] - Found 1 custom documentation plugin(s)
17:43:52.572 [restartedMain] INFO  s.d.s.w.s.ApiListingReferenceScanner - [scan,41] - Scanning for api listing references
17:43:52.575 [restartedMain] INFO  c.d.AdminApplication - [logStarted,61] - Started AdminApplication in 1.546 seconds (JVM running for 30.014)
17:43:54.681 [Thread-20] INFO  o.a.c.h.Http11NioProtocol - [log,173] - Pausing ProtocolHandler ["http-nio-8080"]
17:43:54.681 [Thread-20] INFO  o.a.c.c.StandardService - [log,173] - Stopping service [Tomcat]
17:43:54.687 [Thread-20] INFO  o.a.c.h.Http11NioProtocol - [log,173] - Stopping ProtocolHandler ["http-nio-8080"]
17:43:54.693 [Thread-20] INFO  o.a.c.h.Http11NioProtocol - [log,173] - Destroying ProtocolHandler ["http-nio-8080"]
17:43:54.698 [Thread-20] INFO  c.b.d.d.DynamicRoutingDataSource - [destroy,211] - dynamic-datasource start closing ....
17:43:54.698 [Thread-20] INFO  c.b.d.d.DynamicRoutingDataSource - [destroy,215] - dynamic-datasource all closed success,bye
17:43:54.873 [restartedMain] INFO  c.d.AdminApplication - [logStarting,55] - Starting AdminApplication using Java 1.8.0_311 on LianXiang-R7000 with PID 9300 (D:\Zhangr\IDEA work space\data-factory\admin\target\classes started by Zhangr in D:\Zhangr\IDEA work space\data-factory)
17:43:54.874 [restartedMain] INFO  c.d.AdminApplication - [logStartupProfileInfo,645] - No active profile set, falling back to 1 default profile: "default"
17:43:55.365 [restartedMain] INFO  o.a.c.h.Http11NioProtocol - [log,173] - Initializing ProtocolHandler ["http-nio-8080"]
17:43:55.366 [restartedMain] INFO  o.a.c.c.StandardService - [log,173] - Starting service [Tomcat]
17:43:55.366 [restartedMain] INFO  o.a.c.c.StandardEngine - [log,173] - Starting Servlet engine: [Apache Tomcat/9.0.68]
17:43:55.403 [restartedMain] INFO  o.a.c.c.C.[.[.[/] - [log,173] - Initializing Spring embedded WebApplicationContext
17:43:55.475 [restartedMain] INFO  s.d.s.w.PropertySourcedRequestMappingHandlerMapping - [initHandlerMethods,69] - Mapped URL path [/v2/api-docs] onto method [springfox.documentation.swagger2.web.Swagger2Controller#getDocumentation(String, HttpServletRequest)]
17:43:56.310 [restartedMain] INFO  o.a.c.h.Http11NioProtocol - [log,173] - Starting ProtocolHandler ["http-nio-8080"]
17:43:56.316 [restartedMain] INFO  s.d.s.w.p.DocumentationPluginsBootstrapper - [start,160] - Context refreshed
17:43:56.316 [restartedMain] INFO  s.d.s.w.p.DocumentationPluginsBootstrapper - [start,163] - Found 1 custom documentation plugin(s)
17:43:56.320 [restartedMain] INFO  s.d.s.w.s.ApiListingReferenceScanner - [scan,41] - Scanning for api listing references
17:43:56.323 [restartedMain] INFO  c.d.AdminApplication - [logStarted,61] - Started AdminApplication in 1.481 seconds (JVM running for 33.762)
17:44:31.066 [Thread-24] INFO  o.a.c.h.Http11NioProtocol - [log,173] - Pausing ProtocolHandler ["http-nio-8080"]
17:44:31.067 [Thread-24] INFO  o.a.c.c.StandardService - [log,173] - Stopping service [Tomcat]
17:44:31.072 [Thread-24] INFO  o.a.c.h.Http11NioProtocol - [log,173] - Stopping ProtocolHandler ["http-nio-8080"]
17:44:31.076 [Thread-24] INFO  o.a.c.h.Http11NioProtocol - [log,173] - Destroying ProtocolHandler ["http-nio-8080"]
17:44:31.080 [Thread-24] INFO  c.b.d.d.DynamicRoutingDataSource - [destroy,211] - dynamic-datasource start closing ....
17:44:31.080 [Thread-24] INFO  c.b.d.d.DynamicRoutingDataSource - [destroy,215] - dynamic-datasource all closed success,bye
17:44:31.222 [restartedMain] INFO  c.d.AdminApplication - [logStarting,55] - Starting AdminApplication using Java 1.8.0_311 on LianXiang-R7000 with PID 9300 (D:\Zhangr\IDEA work space\data-factory\admin\target\classes started by Zhangr in D:\Zhangr\IDEA work space\data-factory)
17:44:31.222 [restartedMain] INFO  c.d.AdminApplication - [logStartupProfileInfo,645] - No active profile set, falling back to 1 default profile: "default"
17:44:31.736 [restartedMain] INFO  o.a.c.h.Http11NioProtocol - [log,173] - Initializing ProtocolHandler ["http-nio-8080"]
17:44:31.737 [restartedMain] INFO  o.a.c.c.StandardService - [log,173] - Starting service [Tomcat]
17:44:31.737 [restartedMain] INFO  o.a.c.c.StandardEngine - [log,173] - Starting Servlet engine: [Apache Tomcat/9.0.68]
17:44:31.780 [restartedMain] INFO  o.a.c.c.C.[.[.[/] - [log,173] - Initializing Spring embedded WebApplicationContext
17:44:31.867 [restartedMain] INFO  s.d.s.w.PropertySourcedRequestMappingHandlerMapping - [initHandlerMethods,69] - Mapped URL path [/v2/api-docs] onto method [springfox.documentation.swagger2.web.Swagger2Controller#getDocumentation(String, HttpServletRequest)]
17:44:32.786 [restartedMain] INFO  o.a.c.h.Http11NioProtocol - [log,173] - Starting ProtocolHandler ["http-nio-8080"]
17:44:32.793 [restartedMain] INFO  s.d.s.w.p.DocumentationPluginsBootstrapper - [start,160] - Context refreshed
17:44:32.794 [restartedMain] INFO  s.d.s.w.p.DocumentationPluginsBootstrapper - [start,163] - Found 1 custom documentation plugin(s)
17:44:32.798 [restartedMain] INFO  s.d.s.w.s.ApiListingReferenceScanner - [scan,41] - Scanning for api listing references
17:44:32.802 [restartedMain] INFO  c.d.AdminApplication - [logStarted,61] - Started AdminApplication in 1.611 seconds (JVM running for 70.241)
17:44:34.890 [Thread-28] INFO  o.a.c.h.Http11NioProtocol - [log,173] - Pausing ProtocolHandler ["http-nio-8080"]
17:44:34.891 [Thread-28] INFO  o.a.c.c.StandardService - [log,173] - Stopping service [Tomcat]
17:44:34.896 [Thread-28] INFO  o.a.c.h.Http11NioProtocol - [log,173] - Stopping ProtocolHandler ["http-nio-8080"]
17:44:34.900 [Thread-28] INFO  o.a.c.h.Http11NioProtocol - [log,173] - Destroying ProtocolHandler ["http-nio-8080"]
17:44:34.903 [Thread-28] INFO  c.b.d.d.DynamicRoutingDataSource - [destroy,211] - dynamic-datasource start closing ....
17:44:34.904 [Thread-28] INFO  c.b.d.d.DynamicRoutingDataSource - [destroy,215] - dynamic-datasource all closed success,bye
17:44:35.038 [restartedMain] INFO  c.d.AdminApplication - [logStarting,55] - Starting AdminApplication using Java 1.8.0_311 on LianXiang-R7000 with PID 9300 (D:\Zhangr\IDEA work space\data-factory\admin\target\classes started by Zhangr in D:\Zhangr\IDEA work space\data-factory)
17:44:35.039 [restartedMain] INFO  c.d.AdminApplication - [logStartupProfileInfo,645] - No active profile set, falling back to 1 default profile: "default"
17:44:35.349 [restartedMain] INFO  o.a.c.h.Http11NioProtocol - [log,173] - Initializing ProtocolHandler ["http-nio-8080"]
17:44:35.349 [restartedMain] INFO  o.a.c.c.StandardService - [log,173] - Starting service [Tomcat]
17:44:35.349 [restartedMain] INFO  o.a.c.c.StandardEngine - [log,173] - Starting Servlet engine: [Apache Tomcat/9.0.68]
17:44:35.386 [restartedMain] INFO  o.a.c.c.C.[.[.[/] - [log,173] - Initializing Spring embedded WebApplicationContext
17:44:35.457 [restartedMain] INFO  s.d.s.w.PropertySourcedRequestMappingHandlerMapping - [initHandlerMethods,69] - Mapped URL path [/v2/api-docs] onto method [springfox.documentation.swagger2.web.Swagger2Controller#getDocumentation(String, HttpServletRequest)]
17:44:36.285 [restartedMain] INFO  o.a.c.h.Http11NioProtocol - [log,173] - Starting ProtocolHandler ["http-nio-8080"]
17:44:36.290 [restartedMain] INFO  s.d.s.w.p.DocumentationPluginsBootstrapper - [start,160] - Context refreshed
17:44:36.290 [restartedMain] INFO  s.d.s.w.p.DocumentationPluginsBootstrapper - [start,163] - Found 1 custom documentation plugin(s)
17:44:36.294 [restartedMain] INFO  s.d.s.w.s.ApiListingReferenceScanner - [scan,41] - Scanning for api listing references
17:44:36.296 [restartedMain] INFO  c.d.AdminApplication - [logStarted,61] - Started AdminApplication in 1.284 seconds (JVM running for 73.735)
17:46:33.631 [Thread-32] INFO  o.a.c.h.Http11NioProtocol - [log,173] - Pausing ProtocolHandler ["http-nio-8080"]
17:46:33.632 [Thread-32] INFO  o.a.c.c.StandardService - [log,173] - Stopping service [Tomcat]
17:46:33.638 [Thread-32] INFO  o.a.c.h.Http11NioProtocol - [log,173] - Stopping ProtocolHandler ["http-nio-8080"]
17:46:33.641 [Thread-32] INFO  o.a.c.h.Http11NioProtocol - [log,173] - Destroying ProtocolHandler ["http-nio-8080"]
17:46:33.645 [Thread-32] INFO  c.b.d.d.DynamicRoutingDataSource - [destroy,211] - dynamic-datasource start closing ....
17:46:33.645 [Thread-32] INFO  c.b.d.d.DynamicRoutingDataSource - [destroy,215] - dynamic-datasource all closed success,bye
17:46:33.761 [restartedMain] INFO  c.d.AdminApplication - [logStarting,55] - Starting AdminApplication using Java 1.8.0_311 on LianXiang-R7000 with PID 9300 (D:\Zhangr\IDEA work space\data-factory\admin\target\classes started by Zhangr in D:\Zhangr\IDEA work space\data-factory)
17:46:33.761 [restartedMain] INFO  c.d.AdminApplication - [logStartupProfileInfo,645] - No active profile set, falling back to 1 default profile: "default"
17:46:34.258 [restartedMain] INFO  o.a.c.h.Http11NioProtocol - [log,173] - Initializing ProtocolHandler ["http-nio-8080"]
17:46:34.258 [restartedMain] INFO  o.a.c.c.StandardService - [log,173] - Starting service [Tomcat]
17:46:34.258 [restartedMain] INFO  o.a.c.c.StandardEngine - [log,173] - Starting Servlet engine: [Apache Tomcat/9.0.68]
17:46:34.297 [restartedMain] INFO  o.a.c.c.C.[.[.[/] - [log,173] - Initializing Spring embedded WebApplicationContext
17:46:34.372 [restartedMain] INFO  s.d.s.w.PropertySourcedRequestMappingHandlerMapping - [initHandlerMethods,69] - Mapped URL path [/v2/api-docs] onto method [springfox.documentation.swagger2.web.Swagger2Controller#getDocumentation(String, HttpServletRequest)]
17:46:35.286 [restartedMain] INFO  o.a.c.h.Http11NioProtocol - [log,173] - Starting ProtocolHandler ["http-nio-8080"]
17:46:35.292 [restartedMain] INFO  s.d.s.w.p.DocumentationPluginsBootstrapper - [start,160] - Context refreshed
17:46:35.292 [restartedMain] INFO  s.d.s.w.p.DocumentationPluginsBootstrapper - [start,163] - Found 1 custom documentation plugin(s)
17:46:35.296 [restartedMain] INFO  s.d.s.w.s.ApiListingReferenceScanner - [scan,41] - Scanning for api listing references
17:46:35.299 [restartedMain] INFO  c.d.AdminApplication - [logStarted,61] - Started AdminApplication in 1.565 seconds (JVM running for 192.738)
17:46:37.430 [Thread-36] INFO  o.a.c.h.Http11NioProtocol - [log,173] - Pausing ProtocolHandler ["http-nio-8080"]
17:46:37.431 [Thread-36] INFO  o.a.c.c.StandardService - [log,173] - Stopping service [Tomcat]
17:46:37.436 [Thread-36] INFO  o.a.c.h.Http11NioProtocol - [log,173] - Stopping ProtocolHandler ["http-nio-8080"]
17:46:37.440 [Thread-36] INFO  o.a.c.h.Http11NioProtocol - [log,173] - Destroying ProtocolHandler ["http-nio-8080"]
17:46:37.444 [Thread-36] INFO  c.b.d.d.DynamicRoutingDataSource - [destroy,211] - dynamic-datasource start closing ....
17:46:37.444 [Thread-36] INFO  c.b.d.d.DynamicRoutingDataSource - [destroy,215] - dynamic-datasource all closed success,bye
17:46:37.590 [restartedMain] INFO  c.d.AdminApplication - [logStarting,55] - Starting AdminApplication using Java 1.8.0_311 on LianXiang-R7000 with PID 9300 (D:\Zhangr\IDEA work space\data-factory\admin\target\classes started by Zhangr in D:\Zhangr\IDEA work space\data-factory)
17:46:37.591 [restartedMain] INFO  c.d.AdminApplication - [logStartupProfileInfo,645] - No active profile set, falling back to 1 default profile: "default"
17:46:37.909 [restartedMain] INFO  o.a.c.h.Http11NioProtocol - [log,173] - Initializing ProtocolHandler ["http-nio-8080"]
17:46:37.909 [restartedMain] INFO  o.a.c.c.StandardService - [log,173] - Starting service [Tomcat]
17:46:37.909 [restartedMain] INFO  o.a.c.c.StandardEngine - [log,173] - Starting Servlet engine: [Apache Tomcat/9.0.68]
17:46:37.946 [restartedMain] INFO  o.a.c.c.C.[.[.[/] - [log,173] - Initializing Spring embedded WebApplicationContext
17:46:38.016 [restartedMain] INFO  s.d.s.w.PropertySourcedRequestMappingHandlerMapping - [initHandlerMethods,69] - Mapped URL path [/v2/api-docs] onto method [springfox.documentation.swagger2.web.Swagger2Controller#getDocumentation(String, HttpServletRequest)]
17:46:38.837 [restartedMain] INFO  o.a.c.h.Http11NioProtocol - [log,173] - Starting ProtocolHandler ["http-nio-8080"]
17:46:38.842 [restartedMain] INFO  s.d.s.w.p.DocumentationPluginsBootstrapper - [start,160] - Context refreshed
17:46:38.842 [restartedMain] INFO  s.d.s.w.p.DocumentationPluginsBootstrapper - [start,163] - Found 1 custom documentation plugin(s)
17:46:38.846 [restartedMain] INFO  s.d.s.w.s.ApiListingReferenceScanner - [scan,41] - Scanning for api listing references
17:46:38.849 [restartedMain] INFO  c.d.AdminApplication - [logStarted,61] - Started AdminApplication in 1.286 seconds (JVM running for 196.289)
17:48:05.525 [SpringApplicationShutdownHook] INFO  c.b.d.d.DynamicRoutingDataSource - [destroy,211] - dynamic-datasource start closing ....
17:48:05.526 [SpringApplicationShutdownHook] INFO  c.b.d.d.DynamicRoutingDataSource - [destroy,215] - dynamic-datasource all closed success,bye
