17:04:51.955 [restartedMain] INFO  c.d.AdminApplication - [logStarting,55] - Starting AdminApplication using Java 1.8.0_311 on LianXiang-R7000 with PID 23124 (D:\Zhangr\IDEA work space\data-factory\admin\target\classes started by Zhangr in D:\Zhangr\IDEA work space\data-factory)
17:04:51.961 [restartedMain] INFO  c.d.AdminApplication - [logStartupProfileInfo,645] - No active profile set, falling back to 1 default profile: "default"
17:04:51.961 [background-preinit] INFO  o.h.v.i.util.Version - [<clinit>,21] - HV000001: Hibernate Validator 6.2.5.Final
17:04:53.645 [restartedMain] INFO  o.a.c.h.Http11NioProtocol - [log,173] - Initializing ProtocolHandler ["http-nio-8080"]
17:04:53.645 [restartedMain] INFO  o.a.c.c.StandardService - [log,173] - Starting service [Tomcat]
17:04:53.646 [restartedMain] INFO  o.a.c.c.StandardEngine - [log,173] - Starting Servlet engine: [Apache Tomcat/9.0.68]
17:04:53.773 [restartedMain] INFO  o.a.c.c.C.[.[.[/] - [log,173] - Initializing Spring embedded WebApplicationContext
17:04:55.627 [restartedMain] INFO  s.d.s.w.PropertySourcedRequestMappingHandlerMapping - [initHandlerMethods,69] - Mapped URL path [/v2/api-docs] onto method [springfox.documentation.swagger2.web.Swagger2Controller#getDocumentation(String, HttpServletRequest)]
17:04:55.834 [restartedMain] INFO  c.b.d.d.DynamicRoutingDataSource - [destroy,211] - dynamic-datasource start closing ....
17:04:55.834 [restartedMain] INFO  c.b.d.d.DynamicRoutingDataSource - [destroy,215] - dynamic-datasource all closed success,bye
17:04:55.836 [restartedMain] INFO  o.a.c.c.StandardService - [log,173] - Stopping service [Tomcat]
17:05:30.999 [restartedMain] INFO  c.d.AdminApplication - [logStarting,55] - Starting AdminApplication using Java 1.8.0_311 on LianXiang-R7000 with PID 16252 (D:\Zhangr\IDEA work space\data-factory\admin\target\classes started by Zhangr in D:\Zhangr\IDEA work space\data-factory)
17:05:31.002 [restartedMain] INFO  c.d.AdminApplication - [logStartupProfileInfo,645] - No active profile set, falling back to 1 default profile: "default"
17:05:31.006 [background-preinit] INFO  o.h.v.i.util.Version - [<clinit>,21] - HV000001: Hibernate Validator 6.2.5.Final
17:05:32.371 [restartedMain] INFO  o.a.c.h.Http11NioProtocol - [log,173] - Initializing ProtocolHandler ["http-nio-8080"]
17:05:32.372 [restartedMain] INFO  o.a.c.c.StandardService - [log,173] - Starting service [Tomcat]
17:05:32.372 [restartedMain] INFO  o.a.c.c.StandardEngine - [log,173] - Starting Servlet engine: [Apache Tomcat/9.0.68]
17:05:32.500 [restartedMain] INFO  o.a.c.c.C.[.[.[/] - [log,173] - Initializing Spring embedded WebApplicationContext
17:05:34.312 [restartedMain] INFO  s.d.s.w.PropertySourcedRequestMappingHandlerMapping - [initHandlerMethods,69] - Mapped URL path [/v2/api-docs] onto method [springfox.documentation.swagger2.web.Swagger2Controller#getDocumentation(String, HttpServletRequest)]
17:05:34.511 [restartedMain] INFO  c.b.d.d.DynamicRoutingDataSource - [destroy,211] - dynamic-datasource start closing ....
17:05:34.511 [restartedMain] INFO  c.b.d.d.DynamicRoutingDataSource - [destroy,215] - dynamic-datasource all closed success,bye
17:05:34.513 [restartedMain] INFO  o.a.c.c.StandardService - [log,173] - Stopping service [Tomcat]
17:08:36.955 [restartedMain] INFO  c.d.AdminApplication - [logStarting,55] - Starting AdminApplication using Java 1.8.0_311 on LianXiang-R7000 with PID 20996 (D:\Zhangr\IDEA work space\data-factory\admin\target\classes started by Zhangr in D:\Zhangr\IDEA work space\data-factory)
17:08:36.958 [restartedMain] INFO  c.d.AdminApplication - [logStartupProfileInfo,645] - No active profile set, falling back to 1 default profile: "default"
17:08:36.962 [background-preinit] INFO  o.h.v.i.util.Version - [<clinit>,21] - HV000001: Hibernate Validator 6.2.5.Final
17:08:38.282 [restartedMain] INFO  o.a.c.h.Http11NioProtocol - [log,173] - Initializing ProtocolHandler ["http-nio-8080"]
17:08:38.282 [restartedMain] INFO  o.a.c.c.StandardService - [log,173] - Starting service [Tomcat]
17:08:38.282 [restartedMain] INFO  o.a.c.c.StandardEngine - [log,173] - Starting Servlet engine: [Apache Tomcat/9.0.68]
17:08:38.407 [restartedMain] INFO  o.a.c.c.C.[.[.[/] - [log,173] - Initializing Spring embedded WebApplicationContext
17:08:40.179 [restartedMain] INFO  s.d.s.w.PropertySourcedRequestMappingHandlerMapping - [initHandlerMethods,69] - Mapped URL path [/v2/api-docs] onto method [springfox.documentation.swagger2.web.Swagger2Controller#getDocumentation(String, HttpServletRequest)]
17:08:40.370 [restartedMain] INFO  c.b.d.d.DynamicRoutingDataSource - [destroy,211] - dynamic-datasource start closing ....
17:08:40.370 [restartedMain] INFO  c.b.d.d.DynamicRoutingDataSource - [destroy,215] - dynamic-datasource all closed success,bye
17:08:40.372 [restartedMain] INFO  o.a.c.c.StandardService - [log,173] - Stopping service [Tomcat]
17:13:21.597 [restartedMain] INFO  c.d.AdminApplication - [logStarting,55] - Starting AdminApplication using Java 1.8.0_311 on LianXiang-R7000 with PID 6036 (D:\Zhangr\IDEA work space\data-factory\admin\target\classes started by Zhangr in D:\Zhangr\IDEA work space\data-factory)
17:13:21.599 [restartedMain] INFO  c.d.AdminApplication - [logStartupProfileInfo,645] - No active profile set, falling back to 1 default profile: "default"
17:13:21.603 [background-preinit] INFO  o.h.v.i.util.Version - [<clinit>,21] - HV000001: Hibernate Validator 6.2.5.Final
17:13:22.903 [restartedMain] INFO  o.a.c.h.Http11NioProtocol - [log,173] - Initializing ProtocolHandler ["http-nio-8080"]
17:13:22.904 [restartedMain] INFO  o.a.c.c.StandardService - [log,173] - Starting service [Tomcat]
17:13:22.904 [restartedMain] INFO  o.a.c.c.StandardEngine - [log,173] - Starting Servlet engine: [Apache Tomcat/9.0.68]
17:13:23.028 [restartedMain] INFO  o.a.c.c.C.[.[.[/] - [log,173] - Initializing Spring embedded WebApplicationContext
17:13:24.798 [restartedMain] INFO  s.d.s.w.PropertySourcedRequestMappingHandlerMapping - [initHandlerMethods,69] - Mapped URL path [/v2/api-docs] onto method [springfox.documentation.swagger2.web.Swagger2Controller#getDocumentation(String, HttpServletRequest)]
17:13:24.992 [restartedMain] INFO  c.b.d.d.DynamicRoutingDataSource - [destroy,211] - dynamic-datasource start closing ....
17:13:24.992 [restartedMain] INFO  c.b.d.d.DynamicRoutingDataSource - [destroy,215] - dynamic-datasource all closed success,bye
17:13:24.993 [restartedMain] INFO  o.a.c.c.StandardService - [log,173] - Stopping service [Tomcat]
17:14:30.564 [restartedMain] INFO  c.d.AdminApplication - [logStarting,55] - Starting AdminApplication using Java 1.8.0_311 on LianXiang-R7000 with PID 10468 (D:\Zhangr\IDEA work space\data-factory\admin\target\classes started by Zhangr in D:\Zhangr\IDEA work space\data-factory)
17:14:30.566 [restartedMain] INFO  c.d.AdminApplication - [logStartupProfileInfo,645] - No active profile set, falling back to 1 default profile: "default"
17:14:30.569 [background-preinit] INFO  o.h.v.i.util.Version - [<clinit>,21] - HV000001: Hibernate Validator 6.2.5.Final
17:14:31.876 [restartedMain] INFO  o.a.c.h.Http11NioProtocol - [log,173] - Initializing ProtocolHandler ["http-nio-8080"]
17:14:31.877 [restartedMain] INFO  o.a.c.c.StandardService - [log,173] - Starting service [Tomcat]
17:14:31.877 [restartedMain] INFO  o.a.c.c.StandardEngine - [log,173] - Starting Servlet engine: [Apache Tomcat/9.0.68]
17:14:32.000 [restartedMain] INFO  o.a.c.c.C.[.[.[/] - [log,173] - Initializing Spring embedded WebApplicationContext
17:14:33.764 [restartedMain] INFO  s.d.s.w.PropertySourcedRequestMappingHandlerMapping - [initHandlerMethods,69] - Mapped URL path [/v2/api-docs] onto method [springfox.documentation.swagger2.web.Swagger2Controller#getDocumentation(String, HttpServletRequest)]
17:14:33.962 [restartedMain] INFO  c.b.d.d.DynamicRoutingDataSource - [destroy,211] - dynamic-datasource start closing ....
17:14:33.963 [restartedMain] INFO  c.b.d.d.DynamicRoutingDataSource - [destroy,215] - dynamic-datasource all closed success,bye
17:14:33.964 [restartedMain] INFO  o.a.c.c.StandardService - [log,173] - Stopping service [Tomcat]
17:16:58.267 [restartedMain] INFO  c.d.AdminApplication - [logStarting,55] - Starting AdminApplication using Java 1.8.0_311 on LianXiang-R7000 with PID 15152 (D:\Zhangr\IDEA work space\data-factory\admin\target\classes started by Zhangr in D:\Zhangr\IDEA work space\data-factory)
17:16:58.270 [restartedMain] INFO  c.d.AdminApplication - [logStartupProfileInfo,645] - No active profile set, falling back to 1 default profile: "default"
17:16:58.273 [background-preinit] INFO  o.h.v.i.util.Version - [<clinit>,21] - HV000001: Hibernate Validator 6.2.5.Final
17:17:49.260 [restartedMain] INFO  c.d.AdminApplication - [logStarting,55] - Starting AdminApplication using Java 1.8.0_311 on LianXiang-R7000 with PID 10060 (D:\Zhangr\IDEA work space\data-factory\admin\target\classes started by Zhangr in D:\Zhangr\IDEA work space\data-factory)
17:17:49.262 [restartedMain] INFO  c.d.AdminApplication - [logStartupProfileInfo,645] - No active profile set, falling back to 1 default profile: "default"
17:17:49.267 [background-preinit] INFO  o.h.v.i.util.Version - [<clinit>,21] - HV000001: Hibernate Validator 6.2.5.Final
17:19:14.894 [restartedMain] INFO  c.d.AdminApplication - [logStarting,55] - Starting AdminApplication using Java 1.8.0_311 on LianXiang-R7000 with PID 19736 (D:\Zhangr\IDEA work space\data-factory\admin\target\classes started by Zhangr in D:\Zhangr\IDEA work space\data-factory)
17:19:14.897 [restartedMain] INFO  c.d.AdminApplication - [logStartupProfileInfo,645] - No active profile set, falling back to 1 default profile: "default"
17:19:14.901 [background-preinit] INFO  o.h.v.i.util.Version - [<clinit>,21] - HV000001: Hibernate Validator 6.2.5.Final
17:19:28.015 [restartedMain] INFO  c.d.AdminApplication - [logStarting,55] - Starting AdminApplication using Java 1.8.0_311 on LianXiang-R7000 with PID 19836 (D:\Zhangr\IDEA work space\data-factory\admin\target\classes started by Zhangr in D:\Zhangr\IDEA work space\data-factory)
17:19:28.018 [restartedMain] INFO  c.d.AdminApplication - [logStartupProfileInfo,645] - No active profile set, falling back to 1 default profile: "default"
17:19:28.023 [background-preinit] INFO  o.h.v.i.util.Version - [<clinit>,21] - HV000001: Hibernate Validator 6.2.5.Final
17:19:29.308 [restartedMain] INFO  o.a.c.h.Http11NioProtocol - [log,173] - Initializing ProtocolHandler ["http-nio-8080"]
17:19:29.309 [restartedMain] INFO  o.a.c.c.StandardService - [log,173] - Starting service [Tomcat]
17:19:29.309 [restartedMain] INFO  o.a.c.c.StandardEngine - [log,173] - Starting Servlet engine: [Apache Tomcat/9.0.68]
17:19:29.430 [restartedMain] INFO  o.a.c.c.C.[.[.[/] - [log,173] - Initializing Spring embedded WebApplicationContext
17:19:31.204 [restartedMain] INFO  s.d.s.w.PropertySourcedRequestMappingHandlerMapping - [initHandlerMethods,69] - Mapped URL path [/v2/api-docs] onto method [springfox.documentation.swagger2.web.Swagger2Controller#getDocumentation(String, HttpServletRequest)]
17:19:31.967 [restartedMain] INFO  o.a.c.h.Http11NioProtocol - [log,173] - Starting ProtocolHandler ["http-nio-8080"]
17:19:31.986 [restartedMain] INFO  s.d.s.w.p.DocumentationPluginsBootstrapper - [start,160] - Context refreshed
17:19:31.998 [restartedMain] INFO  s.d.s.w.p.DocumentationPluginsBootstrapper - [start,163] - Found 1 custom documentation plugin(s)
17:19:32.017 [restartedMain] INFO  s.d.s.w.s.ApiListingReferenceScanner - [scan,41] - Scanning for api listing references
17:19:32.113 [restartedMain] INFO  c.d.AdminApplication - [logStarted,61] - Started AdminApplication in 4.347 seconds (JVM running for 5.857)
17:19:59.201 [SpringApplicationShutdownHook] INFO  c.b.d.d.DynamicRoutingDataSource - [destroy,211] - dynamic-datasource start closing ....
17:19:59.201 [SpringApplicationShutdownHook] INFO  c.b.d.d.DynamicRoutingDataSource - [destroy,215] - dynamic-datasource all closed success,bye
17:20:09.361 [restartedMain] INFO  c.d.AdminApplication - [logStarting,55] - Starting AdminApplication using Java 1.8.0_311 on LianXiang-R7000 with PID 23340 (D:\Zhangr\IDEA work space\data-factory\admin\target\classes started by Zhangr in D:\Zhangr\IDEA work space\data-factory)
17:20:09.364 [restartedMain] INFO  c.d.AdminApplication - [logStartupProfileInfo,645] - No active profile set, falling back to 1 default profile: "default"
17:20:09.369 [background-preinit] INFO  o.h.v.i.util.Version - [<clinit>,21] - HV000001: Hibernate Validator 6.2.5.Final
17:20:10.682 [restartedMain] INFO  o.a.c.h.Http11NioProtocol - [log,173] - Initializing ProtocolHandler ["http-nio-8080"]
17:20:10.682 [restartedMain] INFO  o.a.c.c.StandardService - [log,173] - Starting service [Tomcat]
17:20:10.682 [restartedMain] INFO  o.a.c.c.StandardEngine - [log,173] - Starting Servlet engine: [Apache Tomcat/9.0.68]
17:20:10.805 [restartedMain] INFO  o.a.c.c.C.[.[.[/] - [log,173] - Initializing Spring embedded WebApplicationContext
17:20:12.570 [restartedMain] INFO  s.d.s.w.PropertySourcedRequestMappingHandlerMapping - [initHandlerMethods,69] - Mapped URL path [/v2/api-docs] onto method [springfox.documentation.swagger2.web.Swagger2Controller#getDocumentation(String, HttpServletRequest)]
17:20:12.762 [restartedMain] INFO  c.b.d.d.DynamicRoutingDataSource - [destroy,211] - dynamic-datasource start closing ....
17:20:12.762 [restartedMain] INFO  c.b.d.d.DynamicRoutingDataSource - [destroy,215] - dynamic-datasource all closed success,bye
17:20:12.763 [restartedMain] INFO  o.a.c.c.StandardService - [log,173] - Stopping service [Tomcat]
17:20:44.482 [restartedMain] INFO  c.d.AdminApplication - [logStarting,55] - Starting AdminApplication using Java 1.8.0_311 on LianXiang-R7000 with PID 24480 (D:\Zhangr\IDEA work space\data-factory\admin\target\classes started by Zhangr in D:\Zhangr\IDEA work space\data-factory)
17:20:44.484 [restartedMain] INFO  c.d.AdminApplication - [logStartupProfileInfo,645] - No active profile set, falling back to 1 default profile: "default"
17:20:44.489 [background-preinit] INFO  o.h.v.i.util.Version - [<clinit>,21] - HV000001: Hibernate Validator 6.2.5.Final
17:20:45.793 [restartedMain] INFO  o.a.c.h.Http11NioProtocol - [log,173] - Initializing ProtocolHandler ["http-nio-8080"]
17:20:45.794 [restartedMain] INFO  o.a.c.c.StandardService - [log,173] - Starting service [Tomcat]
17:20:45.794 [restartedMain] INFO  o.a.c.c.StandardEngine - [log,173] - Starting Servlet engine: [Apache Tomcat/9.0.68]
17:20:45.919 [restartedMain] INFO  o.a.c.c.C.[.[.[/] - [log,173] - Initializing Spring embedded WebApplicationContext
17:20:47.705 [restartedMain] INFO  s.d.s.w.PropertySourcedRequestMappingHandlerMapping - [initHandlerMethods,69] - Mapped URL path [/v2/api-docs] onto method [springfox.documentation.swagger2.web.Swagger2Controller#getDocumentation(String, HttpServletRequest)]
17:20:47.902 [restartedMain] INFO  c.b.d.d.DynamicRoutingDataSource - [destroy,211] - dynamic-datasource start closing ....
17:20:47.903 [restartedMain] INFO  c.b.d.d.DynamicRoutingDataSource - [destroy,215] - dynamic-datasource all closed success,bye
17:20:47.904 [restartedMain] INFO  o.a.c.c.StandardService - [log,173] - Stopping service [Tomcat]
17:25:45.868 [restartedMain] INFO  c.d.AdminApplication - [logStarting,55] - Starting AdminApplication using Java 1.8.0_311 on LianXiang-R7000 with PID 23772 (D:\Zhangr\IDEA work space\data-factory\admin\target\classes started by Zhangr in D:\Zhangr\IDEA work space\data-factory)
17:25:45.872 [restartedMain] INFO  c.d.AdminApplication - [logStartupProfileInfo,645] - No active profile set, falling back to 1 default profile: "default"
17:25:45.874 [background-preinit] INFO  o.h.v.i.util.Version - [<clinit>,21] - HV000001: Hibernate Validator 6.2.5.Final
17:25:47.303 [restartedMain] INFO  o.a.c.h.Http11NioProtocol - [log,173] - Initializing ProtocolHandler ["http-nio-8080"]
17:25:47.304 [restartedMain] INFO  o.a.c.c.StandardService - [log,173] - Starting service [Tomcat]
17:25:47.304 [restartedMain] INFO  o.a.c.c.StandardEngine - [log,173] - Starting Servlet engine: [Apache Tomcat/9.0.68]
17:25:47.433 [restartedMain] INFO  o.a.c.c.C.[.[.[/] - [log,173] - Initializing Spring embedded WebApplicationContext
17:25:49.279 [restartedMain] INFO  s.d.s.w.PropertySourcedRequestMappingHandlerMapping - [initHandlerMethods,69] - Mapped URL path [/v2/api-docs] onto method [springfox.documentation.swagger2.web.Swagger2Controller#getDocumentation(String, HttpServletRequest)]
17:25:49.481 [restartedMain] INFO  c.b.d.d.DynamicRoutingDataSource - [destroy,211] - dynamic-datasource start closing ....
17:25:49.481 [restartedMain] INFO  c.b.d.d.DynamicRoutingDataSource - [destroy,215] - dynamic-datasource all closed success,bye
17:25:49.483 [restartedMain] INFO  o.a.c.c.StandardService - [log,173] - Stopping service [Tomcat]
17:30:12.484 [restartedMain] INFO  c.d.AdminApplication - [logStarting,55] - Starting AdminApplication using Java 1.8.0_311 on LianXiang-R7000 with PID 20996 (D:\Zhangr\IDEA work space\data-factory\admin\target\classes started by Zhangr in D:\Zhangr\IDEA work space\data-factory)
17:30:12.488 [restartedMain] INFO  c.d.AdminApplication - [logStartupProfileInfo,645] - No active profile set, falling back to 1 default profile: "default"
17:30:12.492 [background-preinit] INFO  o.h.v.i.util.Version - [<clinit>,21] - HV000001: Hibernate Validator 6.2.5.Final
17:30:13.927 [restartedMain] INFO  o.a.c.h.Http11NioProtocol - [log,173] - Initializing ProtocolHandler ["http-nio-8080"]
17:30:13.928 [restartedMain] INFO  o.a.c.c.StandardService - [log,173] - Starting service [Tomcat]
17:30:13.928 [restartedMain] INFO  o.a.c.c.StandardEngine - [log,173] - Starting Servlet engine: [Apache Tomcat/9.0.68]
17:30:14.057 [restartedMain] INFO  o.a.c.c.C.[.[.[/] - [log,173] - Initializing Spring embedded WebApplicationContext
17:30:15.950 [restartedMain] INFO  s.d.s.w.PropertySourcedRequestMappingHandlerMapping - [initHandlerMethods,69] - Mapped URL path [/v2/api-docs] onto method [springfox.documentation.swagger2.web.Swagger2Controller#getDocumentation(String, HttpServletRequest)]
17:30:16.660 [restartedMain] INFO  o.a.c.h.Http11NioProtocol - [log,173] - Starting ProtocolHandler ["http-nio-8080"]
17:30:16.680 [restartedMain] INFO  s.d.s.w.p.DocumentationPluginsBootstrapper - [start,160] - Context refreshed
17:30:16.690 [restartedMain] INFO  s.d.s.w.p.DocumentationPluginsBootstrapper - [start,163] - Found 1 custom documentation plugin(s)
17:30:16.710 [restartedMain] INFO  s.d.s.w.s.ApiListingReferenceScanner - [scan,41] - Scanning for api listing references
17:30:16.812 [restartedMain] INFO  c.d.AdminApplication - [logStarted,61] - Started AdminApplication in 4.594 seconds (JVM running for 6.203)
17:33:03.492 [SpringApplicationShutdownHook] INFO  c.b.d.d.DynamicRoutingDataSource - [destroy,211] - dynamic-datasource start closing ....
17:33:03.493 [SpringApplicationShutdownHook] INFO  c.b.d.d.DynamicRoutingDataSource - [destroy,215] - dynamic-datasource all closed success,bye
17:33:14.334 [restartedMain] INFO  c.d.AdminApplication - [logStarting,55] - Starting AdminApplication using Java 1.8.0_311 on LianXiang-R7000 with PID 10156 (D:\Zhangr\IDEA work space\data-factory\admin\target\classes started by Zhangr in D:\Zhangr\IDEA work space\data-factory)
17:33:14.337 [restartedMain] INFO  c.d.AdminApplication - [logStartupProfileInfo,645] - No active profile set, falling back to 1 default profile: "default"
17:33:14.343 [background-preinit] INFO  o.h.v.i.util.Version - [<clinit>,21] - HV000001: Hibernate Validator 6.2.5.Final
17:33:15.701 [restartedMain] INFO  o.a.c.h.Http11NioProtocol - [log,173] - Initializing ProtocolHandler ["http-nio-8080"]
17:33:15.702 [restartedMain] INFO  o.a.c.c.StandardService - [log,173] - Starting service [Tomcat]
17:33:15.702 [restartedMain] INFO  o.a.c.c.StandardEngine - [log,173] - Starting Servlet engine: [Apache Tomcat/9.0.68]
17:33:15.832 [restartedMain] INFO  o.a.c.c.C.[.[.[/] - [log,173] - Initializing Spring embedded WebApplicationContext
17:33:17.653 [restartedMain] INFO  s.d.s.w.PropertySourcedRequestMappingHandlerMapping - [initHandlerMethods,69] - Mapped URL path [/v2/api-docs] onto method [springfox.documentation.swagger2.web.Swagger2Controller#getDocumentation(String, HttpServletRequest)]
17:33:17.856 [restartedMain] INFO  c.b.d.d.DynamicRoutingDataSource - [destroy,211] - dynamic-datasource start closing ....
17:33:17.856 [restartedMain] INFO  c.b.d.d.DynamicRoutingDataSource - [destroy,215] - dynamic-datasource all closed success,bye
17:33:17.858 [restartedMain] INFO  o.a.c.c.StandardService - [log,173] - Stopping service [Tomcat]
17:36:36.535 [restartedMain] INFO  c.d.AdminApplication - [logStarting,55] - Starting AdminApplication using Java 1.8.0_311 on LianXiang-R7000 with PID 14152 (D:\Zhangr\IDEA work space\data-factory\admin\target\classes started by Zhangr in D:\Zhangr\IDEA work space\data-factory)
17:36:36.537 [restartedMain] INFO  c.d.AdminApplication - [logStartupProfileInfo,645] - No active profile set, falling back to 1 default profile: "default"
17:36:36.543 [background-preinit] INFO  o.h.v.i.util.Version - [<clinit>,21] - HV000001: Hibernate Validator 6.2.5.Final
17:36:37.936 [restartedMain] INFO  o.a.c.h.Http11NioProtocol - [log,173] - Initializing ProtocolHandler ["http-nio-8080"]
17:36:37.936 [restartedMain] INFO  o.a.c.c.StandardService - [log,173] - Starting service [Tomcat]
17:36:37.936 [restartedMain] INFO  o.a.c.c.StandardEngine - [log,173] - Starting Servlet engine: [Apache Tomcat/9.0.68]
17:36:38.063 [restartedMain] INFO  o.a.c.c.C.[.[.[/] - [log,173] - Initializing Spring embedded WebApplicationContext
17:36:39.884 [restartedMain] INFO  s.d.s.w.PropertySourcedRequestMappingHandlerMapping - [initHandlerMethods,69] - Mapped URL path [/v2/api-docs] onto method [springfox.documentation.swagger2.web.Swagger2Controller#getDocumentation(String, HttpServletRequest)]
17:36:40.605 [restartedMain] INFO  o.a.c.h.Http11NioProtocol - [log,173] - Starting ProtocolHandler ["http-nio-8080"]
17:36:40.625 [restartedMain] INFO  s.d.s.w.p.DocumentationPluginsBootstrapper - [start,160] - Context refreshed
17:36:40.635 [restartedMain] INFO  s.d.s.w.p.DocumentationPluginsBootstrapper - [start,163] - Found 1 custom documentation plugin(s)
17:36:40.652 [restartedMain] INFO  s.d.s.w.s.ApiListingReferenceScanner - [scan,41] - Scanning for api listing references
17:36:40.749 [restartedMain] INFO  c.d.AdminApplication - [logStarted,61] - Started AdminApplication in 4.48 seconds (JVM running for 6.04)
17:38:54.232 [SpringApplicationShutdownHook] INFO  c.b.d.d.DynamicRoutingDataSource - [destroy,211] - dynamic-datasource start closing ....
17:38:54.232 [SpringApplicationShutdownHook] INFO  c.b.d.d.DynamicRoutingDataSource - [destroy,215] - dynamic-datasource all closed success,bye
17:39:18.877 [restartedMain] INFO  c.d.AdminApplication - [logStarting,55] - Starting AdminApplication using Java 1.8.0_311 on LianXiang-R7000 with PID 9800 (D:\Zhangr\IDEA work space\data-factory\admin\target\classes started by Zhangr in D:\Zhangr\IDEA work space\data-factory)
17:39:18.880 [restartedMain] INFO  c.d.AdminApplication - [logStartupProfileInfo,645] - No active profile set, falling back to 1 default profile: "default"
17:39:18.884 [background-preinit] INFO  o.h.v.i.util.Version - [<clinit>,21] - HV000001: Hibernate Validator 6.2.5.Final
17:39:20.173 [restartedMain] INFO  o.a.c.h.Http11NioProtocol - [log,173] - Initializing ProtocolHandler ["http-nio-8080"]
17:39:20.174 [restartedMain] INFO  o.a.c.c.StandardService - [log,173] - Starting service [Tomcat]
17:39:20.174 [restartedMain] INFO  o.a.c.c.StandardEngine - [log,173] - Starting Servlet engine: [Apache Tomcat/9.0.68]
17:39:20.296 [restartedMain] INFO  o.a.c.c.C.[.[.[/] - [log,173] - Initializing Spring embedded WebApplicationContext
17:39:22.049 [restartedMain] INFO  s.d.s.w.PropertySourcedRequestMappingHandlerMapping - [initHandlerMethods,69] - Mapped URL path [/v2/api-docs] onto method [springfox.documentation.swagger2.web.Swagger2Controller#getDocumentation(String, HttpServletRequest)]
17:39:22.738 [restartedMain] INFO  o.a.c.h.Http11NioProtocol - [log,173] - Starting ProtocolHandler ["http-nio-8080"]
17:39:22.757 [restartedMain] INFO  s.d.s.w.p.DocumentationPluginsBootstrapper - [start,160] - Context refreshed
17:39:22.767 [restartedMain] INFO  s.d.s.w.p.DocumentationPluginsBootstrapper - [start,163] - Found 1 custom documentation plugin(s)
17:39:22.785 [restartedMain] INFO  s.d.s.w.s.ApiListingReferenceScanner - [scan,41] - Scanning for api listing references
17:39:22.873 [restartedMain] INFO  c.d.AdminApplication - [logStarted,61] - Started AdminApplication in 4.244 seconds (JVM running for 5.736)
17:43:00.943 [http-nio-8080-exec-2] INFO  o.a.c.c.C.[.[.[/] - [log,173] - Initializing Spring DispatcherServlet 'dispatcherServlet'
17:46:29.909 [SpringApplicationShutdownHook] INFO  c.b.d.d.DynamicRoutingDataSource - [destroy,211] - dynamic-datasource start closing ....
17:46:29.909 [SpringApplicationShutdownHook] INFO  c.b.d.d.DynamicRoutingDataSource - [destroy,215] - dynamic-datasource all closed success,bye
17:47:02.356 [restartedMain] INFO  c.d.AdminApplication - [logStarting,55] - Starting AdminApplication using Java 1.8.0_311 on LianXiang-R7000 with PID 22752 (D:\Zhangr\IDEA work space\data-factory\admin\target\classes started by Zhangr in D:\Zhangr\IDEA work space\data-factory)
17:47:02.358 [restartedMain] INFO  c.d.AdminApplication - [logStartupProfileInfo,645] - No active profile set, falling back to 1 default profile: "default"
17:47:02.363 [background-preinit] INFO  o.h.v.i.util.Version - [<clinit>,21] - HV000001: Hibernate Validator 6.2.5.Final
17:47:03.656 [restartedMain] INFO  o.a.c.h.Http11NioProtocol - [log,173] - Initializing ProtocolHandler ["http-nio-8080"]
17:47:03.656 [restartedMain] INFO  o.a.c.c.StandardService - [log,173] - Starting service [Tomcat]
17:47:03.657 [restartedMain] INFO  o.a.c.c.StandardEngine - [log,173] - Starting Servlet engine: [Apache Tomcat/9.0.68]
17:47:03.780 [restartedMain] INFO  o.a.c.c.C.[.[.[/] - [log,173] - Initializing Spring embedded WebApplicationContext
17:47:05.579 [restartedMain] INFO  s.d.s.w.PropertySourcedRequestMappingHandlerMapping - [initHandlerMethods,69] - Mapped URL path [/v2/api-docs] onto method [springfox.documentation.swagger2.web.Swagger2Controller#getDocumentation(String, HttpServletRequest)]
17:47:06.295 [restartedMain] INFO  o.a.c.h.Http11NioProtocol - [log,173] - Starting ProtocolHandler ["http-nio-8080"]
17:47:06.314 [restartedMain] INFO  s.d.s.w.p.DocumentationPluginsBootstrapper - [start,160] - Context refreshed
17:47:06.324 [restartedMain] INFO  s.d.s.w.p.DocumentationPluginsBootstrapper - [start,163] - Found 1 custom documentation plugin(s)
17:47:06.342 [restartedMain] INFO  s.d.s.w.s.ApiListingReferenceScanner - [scan,41] - Scanning for api listing references
17:47:06.431 [restartedMain] INFO  c.d.AdminApplication - [logStarted,61] - Started AdminApplication in 4.326 seconds (JVM running for 5.834)
17:47:36.296 [SpringApplicationShutdownHook] INFO  c.b.d.d.DynamicRoutingDataSource - [destroy,211] - dynamic-datasource start closing ....
17:47:36.296 [SpringApplicationShutdownHook] INFO  c.b.d.d.DynamicRoutingDataSource - [destroy,215] - dynamic-datasource all closed success,bye
17:47:44.378 [restartedMain] INFO  c.d.AdminApplication - [logStarting,55] - Starting AdminApplication using Java 1.8.0_311 on LianXiang-R7000 with PID 20740 (D:\Zhangr\IDEA work space\data-factory\admin\target\classes started by Zhangr in D:\Zhangr\IDEA work space\data-factory)
17:47:44.381 [restartedMain] INFO  c.d.AdminApplication - [logStartupProfileInfo,645] - No active profile set, falling back to 1 default profile: "default"
17:47:44.385 [background-preinit] INFO  o.h.v.i.util.Version - [<clinit>,21] - HV000001: Hibernate Validator 6.2.5.Final
17:47:45.694 [restartedMain] INFO  o.a.c.h.Http11NioProtocol - [log,173] - Initializing ProtocolHandler ["http-nio-8080"]
17:47:45.695 [restartedMain] INFO  o.a.c.c.StandardService - [log,173] - Starting service [Tomcat]
17:47:45.695 [restartedMain] INFO  o.a.c.c.StandardEngine - [log,173] - Starting Servlet engine: [Apache Tomcat/9.0.68]
17:47:45.820 [restartedMain] INFO  o.a.c.c.C.[.[.[/] - [log,173] - Initializing Spring embedded WebApplicationContext
17:47:47.622 [restartedMain] INFO  s.d.s.w.PropertySourcedRequestMappingHandlerMapping - [initHandlerMethods,69] - Mapped URL path [/v2/api-docs] onto method [springfox.documentation.swagger2.web.Swagger2Controller#getDocumentation(String, HttpServletRequest)]
17:47:48.347 [restartedMain] INFO  o.a.c.h.Http11NioProtocol - [log,173] - Starting ProtocolHandler ["http-nio-8080"]
17:47:48.365 [restartedMain] INFO  s.d.s.w.p.DocumentationPluginsBootstrapper - [start,160] - Context refreshed
17:47:48.375 [restartedMain] INFO  s.d.s.w.p.DocumentationPluginsBootstrapper - [start,163] - Found 1 custom documentation plugin(s)
17:47:48.393 [restartedMain] INFO  s.d.s.w.s.ApiListingReferenceScanner - [scan,41] - Scanning for api listing references
17:47:48.482 [restartedMain] INFO  c.d.AdminApplication - [logStarted,61] - Started AdminApplication in 4.352 seconds (JVM running for 5.902)
17:48:32.155 [http-nio-8080-exec-2] INFO  o.a.c.c.C.[.[.[/] - [log,173] - Initializing Spring DispatcherServlet 'dispatcherServlet'
17:50:11.634 [SpringApplicationShutdownHook] INFO  c.b.d.d.DynamicRoutingDataSource - [destroy,211] - dynamic-datasource start closing ....
17:50:11.634 [SpringApplicationShutdownHook] INFO  c.b.d.d.DynamicRoutingDataSource - [destroy,215] - dynamic-datasource all closed success,bye
17:50:20.162 [restartedMain] INFO  c.d.AdminApplication - [logStarting,55] - Starting AdminApplication using Java 1.8.0_311 on LianXiang-R7000 with PID 11020 (D:\Zhangr\IDEA work space\data-factory\admin\target\classes started by Zhangr in D:\Zhangr\IDEA work space\data-factory)
17:50:20.165 [restartedMain] INFO  c.d.AdminApplication - [logStartupProfileInfo,645] - No active profile set, falling back to 1 default profile: "default"
17:50:20.170 [background-preinit] INFO  o.h.v.i.util.Version - [<clinit>,21] - HV000001: Hibernate Validator 6.2.5.Final
17:50:21.593 [restartedMain] INFO  o.a.c.h.Http11NioProtocol - [log,173] - Initializing ProtocolHandler ["http-nio-8080"]
17:50:21.594 [restartedMain] INFO  o.a.c.c.StandardService - [log,173] - Starting service [Tomcat]
17:50:21.594 [restartedMain] INFO  o.a.c.c.StandardEngine - [log,173] - Starting Servlet engine: [Apache Tomcat/9.0.68]
17:50:21.725 [restartedMain] INFO  o.a.c.c.C.[.[.[/] - [log,173] - Initializing Spring embedded WebApplicationContext
17:50:23.630 [restartedMain] INFO  s.d.s.w.PropertySourcedRequestMappingHandlerMapping - [initHandlerMethods,69] - Mapped URL path [/v2/api-docs] onto method [springfox.documentation.swagger2.web.Swagger2Controller#getDocumentation(String, HttpServletRequest)]
17:50:24.366 [restartedMain] INFO  o.a.c.h.Http11NioProtocol - [log,173] - Starting ProtocolHandler ["http-nio-8080"]
17:50:24.387 [restartedMain] INFO  s.d.s.w.p.DocumentationPluginsBootstrapper - [start,160] - Context refreshed
17:50:24.397 [restartedMain] INFO  s.d.s.w.p.DocumentationPluginsBootstrapper - [start,163] - Found 1 custom documentation plugin(s)
17:50:24.416 [restartedMain] INFO  s.d.s.w.s.ApiListingReferenceScanner - [scan,41] - Scanning for api listing references
17:50:24.512 [restartedMain] INFO  c.d.AdminApplication - [logStarted,61] - Started AdminApplication in 4.622 seconds (JVM running for 6.169)
17:50:54.224 [http-nio-8080-exec-1] INFO  o.a.c.c.C.[.[.[/] - [log,173] - Initializing Spring DispatcherServlet 'dispatcherServlet'
17:55:01.579 [SpringApplicationShutdownHook] INFO  c.b.d.d.DynamicRoutingDataSource - [destroy,211] - dynamic-datasource start closing ....
17:55:01.579 [SpringApplicationShutdownHook] INFO  c.b.d.d.DynamicRoutingDataSource - [destroy,215] - dynamic-datasource all closed success,bye
18:06:14.837 [restartedMain] INFO  c.d.AdminApplication - [logStarting,55] - Starting AdminApplication using Java 1.8.0_311 on LianXiang-R7000 with PID 22472 (D:\Zhangr\IDEA work space\data-factory\admin\target\classes started by Zhangr in D:\Zhangr\IDEA work space\data-factory)
18:06:14.840 [restartedMain] INFO  c.d.AdminApplication - [logStartupProfileInfo,645] - No active profile set, falling back to 1 default profile: "default"
18:06:14.846 [background-preinit] INFO  o.h.v.i.util.Version - [<clinit>,21] - HV000001: Hibernate Validator 6.2.5.Final
18:06:16.202 [restartedMain] INFO  o.a.c.h.Http11NioProtocol - [log,173] - Initializing ProtocolHandler ["http-nio-8080"]
18:06:16.202 [restartedMain] INFO  o.a.c.c.StandardService - [log,173] - Starting service [Tomcat]
18:06:16.203 [restartedMain] INFO  o.a.c.c.StandardEngine - [log,173] - Starting Servlet engine: [Apache Tomcat/9.0.68]
18:06:16.329 [restartedMain] INFO  o.a.c.c.C.[.[.[/] - [log,173] - Initializing Spring embedded WebApplicationContext
18:06:18.143 [restartedMain] INFO  s.d.s.w.PropertySourcedRequestMappingHandlerMapping - [initHandlerMethods,69] - Mapped URL path [/v2/api-docs] onto method [springfox.documentation.swagger2.web.Swagger2Controller#getDocumentation(String, HttpServletRequest)]
18:06:18.860 [restartedMain] INFO  o.a.c.h.Http11NioProtocol - [log,173] - Starting ProtocolHandler ["http-nio-8080"]
18:06:18.879 [restartedMain] INFO  s.d.s.w.p.DocumentationPluginsBootstrapper - [start,160] - Context refreshed
18:06:18.889 [restartedMain] INFO  s.d.s.w.p.DocumentationPluginsBootstrapper - [start,163] - Found 1 custom documentation plugin(s)
18:06:18.907 [restartedMain] INFO  s.d.s.w.s.ApiListingReferenceScanner - [scan,41] - Scanning for api listing references
18:06:18.994 [restartedMain] INFO  c.d.AdminApplication - [logStarted,61] - Started AdminApplication in 4.41 seconds (JVM running for 5.937)
18:06:27.372 [http-nio-8080-exec-1] INFO  o.a.c.c.C.[.[.[/] - [log,173] - Initializing Spring DispatcherServlet 'dispatcherServlet'
18:08:23.086 [SpringApplicationShutdownHook] INFO  c.b.d.d.DynamicRoutingDataSource - [destroy,211] - dynamic-datasource start closing ....
18:08:23.086 [SpringApplicationShutdownHook] INFO  c.b.d.d.DynamicRoutingDataSource - [destroy,215] - dynamic-datasource all closed success,bye
18:08:27.933 [restartedMain] INFO  c.d.AdminApplication - [logStarting,55] - Starting AdminApplication using Java 1.8.0_311 on LianXiang-R7000 with PID 3680 (D:\Zhangr\IDEA work space\data-factory\admin\target\classes started by Zhangr in D:\Zhangr\IDEA work space\data-factory)
18:08:27.936 [restartedMain] INFO  c.d.AdminApplication - [logStartupProfileInfo,645] - No active profile set, falling back to 1 default profile: "default"
18:08:27.941 [background-preinit] INFO  o.h.v.i.util.Version - [<clinit>,21] - HV000001: Hibernate Validator 6.2.5.Final
18:08:29.304 [restartedMain] INFO  o.a.c.h.Http11NioProtocol - [log,173] - Initializing ProtocolHandler ["http-nio-8080"]
18:08:29.305 [restartedMain] INFO  o.a.c.c.StandardService - [log,173] - Starting service [Tomcat]
18:08:29.305 [restartedMain] INFO  o.a.c.c.StandardEngine - [log,173] - Starting Servlet engine: [Apache Tomcat/9.0.68]
18:08:29.430 [restartedMain] INFO  o.a.c.c.C.[.[.[/] - [log,173] - Initializing Spring embedded WebApplicationContext
18:08:31.266 [restartedMain] INFO  s.d.s.w.PropertySourcedRequestMappingHandlerMapping - [initHandlerMethods,69] - Mapped URL path [/v2/api-docs] onto method [springfox.documentation.swagger2.web.Swagger2Controller#getDocumentation(String, HttpServletRequest)]
18:08:31.994 [restartedMain] INFO  o.a.c.h.Http11NioProtocol - [log,173] - Starting ProtocolHandler ["http-nio-8080"]
18:08:32.013 [restartedMain] INFO  s.d.s.w.p.DocumentationPluginsBootstrapper - [start,160] - Context refreshed
18:08:32.023 [restartedMain] INFO  s.d.s.w.p.DocumentationPluginsBootstrapper - [start,163] - Found 1 custom documentation plugin(s)
18:08:32.041 [restartedMain] INFO  s.d.s.w.s.ApiListingReferenceScanner - [scan,41] - Scanning for api listing references
18:08:32.126 [restartedMain] INFO  c.d.AdminApplication - [logStarted,61] - Started AdminApplication in 4.45 seconds (JVM running for 6.04)
18:09:45.126 [http-nio-8080-exec-1] INFO  o.a.c.c.C.[.[.[/] - [log,173] - Initializing Spring DispatcherServlet 'dispatcherServlet'
18:11:11.972 [SpringApplicationShutdownHook] INFO  c.b.d.d.DynamicRoutingDataSource - [destroy,211] - dynamic-datasource start closing ....
18:11:11.972 [SpringApplicationShutdownHook] INFO  c.b.d.d.DynamicRoutingDataSource - [destroy,215] - dynamic-datasource all closed success,bye
18:11:57.004 [restartedMain] INFO  c.d.AdminApplication - [logStarting,55] - Starting AdminApplication using Java 1.8.0_311 on LianXiang-R7000 with PID 24668 (D:\Zhangr\IDEA work space\data-factory\admin\target\classes started by Zhangr in D:\Zhangr\IDEA work space\data-factory)
18:11:57.007 [restartedMain] INFO  c.d.AdminApplication - [logStartupProfileInfo,645] - No active profile set, falling back to 1 default profile: "default"
18:11:57.012 [background-preinit] INFO  o.h.v.i.util.Version - [<clinit>,21] - HV000001: Hibernate Validator 6.2.5.Final
18:11:58.369 [restartedMain] INFO  o.a.c.h.Http11NioProtocol - [log,173] - Initializing ProtocolHandler ["http-nio-8080"]
18:11:58.369 [restartedMain] INFO  o.a.c.c.StandardService - [log,173] - Starting service [Tomcat]
18:11:58.369 [restartedMain] INFO  o.a.c.c.StandardEngine - [log,173] - Starting Servlet engine: [Apache Tomcat/9.0.68]
18:11:58.495 [restartedMain] INFO  o.a.c.c.C.[.[.[/] - [log,173] - Initializing Spring embedded WebApplicationContext
18:12:00.397 [restartedMain] INFO  s.d.s.w.PropertySourcedRequestMappingHandlerMapping - [initHandlerMethods,69] - Mapped URL path [/v2/api-docs] onto method [springfox.documentation.swagger2.web.Swagger2Controller#getDocumentation(String, HttpServletRequest)]
18:12:01.128 [restartedMain] INFO  o.a.c.h.Http11NioProtocol - [log,173] - Starting ProtocolHandler ["http-nio-8080"]
18:12:01.147 [restartedMain] INFO  s.d.s.w.p.DocumentationPluginsBootstrapper - [start,160] - Context refreshed
18:12:01.157 [restartedMain] INFO  s.d.s.w.p.DocumentationPluginsBootstrapper - [start,163] - Found 1 custom documentation plugin(s)
18:12:01.175 [restartedMain] INFO  s.d.s.w.s.ApiListingReferenceScanner - [scan,41] - Scanning for api listing references
18:12:01.263 [restartedMain] INFO  c.d.AdminApplication - [logStarted,61] - Started AdminApplication in 4.517 seconds (JVM running for 6.038)
18:12:04.927 [http-nio-8080-exec-1] INFO  o.a.c.c.C.[.[.[/] - [log,173] - Initializing Spring DispatcherServlet 'dispatcherServlet'
18:14:40.031 [SpringApplicationShutdownHook] INFO  c.b.d.d.DynamicRoutingDataSource - [destroy,211] - dynamic-datasource start closing ....
18:14:40.031 [SpringApplicationShutdownHook] INFO  c.b.d.d.DynamicRoutingDataSource - [destroy,215] - dynamic-datasource all closed success,bye
